[0.215s] DEBUG:colcon:Command line arguments: ['/usr/bin/colcon', 'build']
[0.215s] DEBUG:colcon:Parsed command line arguments: Namespace(log_base=None, log_level=None, verb_name='build', build_base='build', install_base='install', merge_install=False, symlink_install=False, test_result_base=None, continue_on_error=False, executor='parallel', parallel_workers=4, event_handlers=None, ignore_user_meta=False, metas=['./colcon.meta'], base_paths=['.'], packages_ignore=None, packages_ignore_regex=None, paths=None, packages_up_to=None, packages_up_to_regex=None, packages_above=None, packages_above_and_dependencies=None, packages_above_depth=None, packages_select_by_dep=None, packages_skip_by_dep=None, packages_skip_up_to=None, packages_select_build_failed=False, packages_skip_build_finished=False, packages_select_test_failures=False, packages_skip_test_passed=False, packages_select=None, packages_skip=None, packages_select_regex=None, packages_skip_regex=None, packages_start=None, packages_end=None, allow_overriding=[], cmake_args=None, cmake_target=None, cmake_target_skip_unavailable=False, cmake_clean_cache=False, cmake_clean_first=False, cmake_force_configure=False, ament_cmake_args=None, catkin_cmake_args=None, catkin_skip_building_tests=False, verb_parser=<colcon_defaults.argument_parser.defaults.DefaultArgumentsDecorator object at 0x7f378c09d390>, verb_extension=<colcon_core.verb.build.BuildVerb object at 0x7f378c058340>, main=<bound method BuildVerb.main of <colcon_core.verb.build.BuildVerb object at 0x7f378c058340>>)
[0.394s] Level 1:colcon.colcon_core.package_discovery:discover_packages(colcon_meta) check parameters
[0.395s] Level 1:colcon.colcon_core.package_discovery:discover_packages(recursive) check parameters
[0.395s] Level 1:colcon.colcon_core.package_discovery:discover_packages(ignore) check parameters
[0.395s] Level 1:colcon.colcon_core.package_discovery:discover_packages(path) check parameters
[0.395s] Level 1:colcon.colcon_core.package_discovery:discover_packages(colcon_meta) discover
[0.395s] Level 1:colcon.colcon_core.package_discovery:discover_packages(recursive) discover
[0.395s] INFO:colcon.colcon_core.package_discovery:Crawling recursively for packages in '/home/hamish/dev_ws/src/sucky_package'
[0.395s] Level 1:colcon.colcon_core.package_identification:_identify(.) by extensions ['ignore', 'ignore_ament_install']
[0.395s] Level 1:colcon.colcon_core.package_identification:_identify(.) by extension 'ignore'
[0.395s] Level 1:colcon.colcon_core.package_identification:_identify(.) by extension 'ignore_ament_install'
[0.395s] Level 1:colcon.colcon_core.package_identification:_identify(.) by extensions ['colcon_pkg']
[0.395s] Level 1:colcon.colcon_core.package_identification:_identify(.) by extension 'colcon_pkg'
[0.395s] Level 1:colcon.colcon_core.package_identification:_identify(.) by extensions ['colcon_meta']
[0.395s] Level 1:colcon.colcon_core.package_identification:_identify(.) by extension 'colcon_meta'
[0.395s] Level 1:colcon.colcon_core.package_identification:_identify(.) by extensions ['ros']
[0.395s] Level 1:colcon.colcon_core.package_identification:_identify(.) by extension 'ros'
[0.428s] DEBUG:colcon.colcon_core.package_identification:Package '.' with type 'ros.ament_cmake' and name 'sucky_package'
[0.428s] Level 1:colcon.colcon_core.package_discovery:discover_packages(recursive) using defaults
[0.428s] Level 1:colcon.colcon_core.package_discovery:discover_packages(ignore) discover
[0.428s] Level 1:colcon.colcon_core.package_discovery:discover_packages(ignore) using defaults
[0.428s] Level 1:colcon.colcon_core.package_discovery:discover_packages(path) discover
[0.428s] Level 1:colcon.colcon_core.package_discovery:discover_packages(path) using defaults
[0.446s] Level 1:colcon.colcon_core.package_discovery:discover_packages(prefix_path) check parameters
[0.446s] Level 1:colcon.colcon_core.package_discovery:discover_packages(prefix_path) discover
[0.448s] DEBUG:colcon.colcon_installed_package_information.package_discovery:Found 310 installed packages in /opt/ros/humble
[0.450s] Level 1:colcon.colcon_core.package_discovery:discover_packages(prefix_path) using defaults
[0.489s] Level 5:colcon.colcon_core.verb:set package 'sucky_package' build argument 'cmake_args' from command line to 'None'
[0.489s] Level 5:colcon.colcon_core.verb:set package 'sucky_package' build argument 'cmake_target' from command line to 'None'
[0.489s] Level 5:colcon.colcon_core.verb:set package 'sucky_package' build argument 'cmake_target_skip_unavailable' from command line to 'False'
[0.489s] Level 5:colcon.colcon_core.verb:set package 'sucky_package' build argument 'cmake_clean_cache' from command line to 'False'
[0.489s] Level 5:colcon.colcon_core.verb:set package 'sucky_package' build argument 'cmake_clean_first' from command line to 'False'
[0.489s] Level 5:colcon.colcon_core.verb:set package 'sucky_package' build argument 'cmake_force_configure' from command line to 'False'
[0.489s] Level 5:colcon.colcon_core.verb:set package 'sucky_package' build argument 'ament_cmake_args' from command line to 'None'
[0.489s] Level 5:colcon.colcon_core.verb:set package 'sucky_package' build argument 'catkin_cmake_args' from command line to 'None'
[0.489s] Level 5:colcon.colcon_core.verb:set package 'sucky_package' build argument 'catkin_skip_building_tests' from command line to 'False'
[0.489s] DEBUG:colcon.colcon_core.verb:Building package 'sucky_package' with the following arguments: {'ament_cmake_args': None, 'build_base': '/home/hamish/dev_ws/src/sucky_package/build/sucky_package', 'catkin_cmake_args': None, 'catkin_skip_building_tests': False, 'cmake_args': None, 'cmake_clean_cache': False, 'cmake_clean_first': False, 'cmake_force_configure': False, 'cmake_target': None, 'cmake_target_skip_unavailable': False, 'install_base': '/home/hamish/dev_ws/src/sucky_package/install/sucky_package', 'merge_install': False, 'path': '/home/hamish/dev_ws/src/sucky_package', 'symlink_install': False, 'test_result_base': None}
[0.489s] INFO:colcon.colcon_core.executor:Executing jobs using 'parallel' executor
[0.490s] DEBUG:colcon.colcon_parallel_executor.executor.parallel:run_until_complete
[0.490s] INFO:colcon.colcon_ros.task.ament_cmake.build:Building ROS package in '/home/hamish/dev_ws/src/sucky_package' with build type 'ament_cmake'
[0.490s] INFO:colcon.colcon_cmake.task.cmake.build:Building CMake package in '/home/hamish/dev_ws/src/sucky_package'
[0.493s] INFO:colcon.colcon_core.plugin_system:Skipping extension 'colcon_core.shell.bat': Not used on non-Windows systems
[0.493s] INFO:colcon.colcon_core.shell:Skip shell extension 'powershell' for command environment: Not usable outside of PowerShell
[0.494s] DEBUG:colcon.colcon_core.shell:Skip shell extension 'dsv' for command environment
[0.503s] DEBUG:colcon.colcon_core.event_handler.log_command:Invoking command in '/home/hamish/dev_ws/src/sucky_package/build/sucky_package': CMAKE_PREFIX_PATH=/opt/ros/humble /home/hamish/.local/bin/cmake --build /home/hamish/dev_ws/src/sucky_package/build/sucky_package -- -j4 -l4
[0.590s] DEBUG:colcon.colcon_core.event_handler.log_command:Invoked command in '/home/hamish/dev_ws/src/sucky_package/build/sucky_package' returned '0': CMAKE_PREFIX_PATH=/opt/ros/humble /home/hamish/.local/bin/cmake --build /home/hamish/dev_ws/src/sucky_package/build/sucky_package -- -j4 -l4
[0.670s] DEBUG:colcon.colcon_core.event_handler.log_command:Invoking command in '/home/hamish/dev_ws/src/sucky_package/build/sucky_package': CMAKE_PREFIX_PATH=/opt/ros/humble /home/hamish/.local/bin/cmake --install /home/hamish/dev_ws/src/sucky_package/build/sucky_package
[0.749s] Level 1:colcon.colcon_core.environment:create_environment_scripts_only(sucky_package)
[0.751s] DEBUG:colcon.colcon_core.event_handler.log_command:Invoked command in '/home/hamish/dev_ws/src/sucky_package/build/sucky_package' returned '0': CMAKE_PREFIX_PATH=/opt/ros/humble /home/hamish/.local/bin/cmake --install /home/hamish/dev_ws/src/sucky_package/build/sucky_package
[0.752s] Level 1:colcon.colcon_core.environment:checking '/home/hamish/dev_ws/src/sucky_package/install/sucky_package' for CMake module files
[0.752s] Level 1:colcon.colcon_core.environment:checking '/home/hamish/dev_ws/src/sucky_package/install/sucky_package' for CMake config files
[0.753s] Level 1:colcon.colcon_core.shell:create_environment_hook('sucky_package', 'cmake_prefix_path')
[0.753s] INFO:colcon.colcon_core.shell:Creating environment hook '/home/hamish/dev_ws/src/sucky_package/install/sucky_package/share/sucky_package/hook/cmake_prefix_path.ps1'
[0.753s] INFO:colcon.colcon_core.shell:Creating environment descriptor '/home/hamish/dev_ws/src/sucky_package/install/sucky_package/share/sucky_package/hook/cmake_prefix_path.dsv'
[0.754s] INFO:colcon.colcon_core.shell:Creating environment hook '/home/hamish/dev_ws/src/sucky_package/install/sucky_package/share/sucky_package/hook/cmake_prefix_path.sh'
[0.755s] Level 1:colcon.colcon_core.environment:checking '/home/hamish/dev_ws/src/sucky_package/install/sucky_package/bin'
[0.755s] Level 1:colcon.colcon_core.environment:checking '/home/hamish/dev_ws/src/sucky_package/install/sucky_package/lib/pkgconfig/sucky_package.pc'
[0.755s] Level 1:colcon.colcon_core.environment:checking '/home/hamish/dev_ws/src/sucky_package/install/sucky_package/lib/python3.10/site-packages'
[0.755s] Level 1:colcon.colcon_core.environment:checking '/home/hamish/dev_ws/src/sucky_package/install/sucky_package/bin'
[0.756s] INFO:colcon.colcon_core.shell:Creating package script '/home/hamish/dev_ws/src/sucky_package/install/sucky_package/share/sucky_package/package.ps1'
[0.756s] INFO:colcon.colcon_core.shell:Creating package descriptor '/home/hamish/dev_ws/src/sucky_package/install/sucky_package/share/sucky_package/package.dsv'
[0.757s] INFO:colcon.colcon_core.shell:Creating package script '/home/hamish/dev_ws/src/sucky_package/install/sucky_package/share/sucky_package/package.sh'
[0.758s] INFO:colcon.colcon_core.shell:Creating package script '/home/hamish/dev_ws/src/sucky_package/install/sucky_package/share/sucky_package/package.bash'
[0.759s] INFO:colcon.colcon_core.shell:Creating package script '/home/hamish/dev_ws/src/sucky_package/install/sucky_package/share/sucky_package/package.zsh'
[0.759s] Level 1:colcon.colcon_core.environment:create_file_with_runtime_dependencies(/home/hamish/dev_ws/src/sucky_package/install/sucky_package/share/colcon-core/packages/sucky_package)
[0.760s] Level 1:colcon.colcon_core.environment:create_environment_scripts_only(sucky_package)
[0.760s] Level 1:colcon.colcon_core.environment:checking '/home/hamish/dev_ws/src/sucky_package/install/sucky_package' for CMake module files
[0.761s] Level 1:colcon.colcon_core.environment:checking '/home/hamish/dev_ws/src/sucky_package/install/sucky_package' for CMake config files
[0.762s] Level 1:colcon.colcon_core.shell:create_environment_hook('sucky_package', 'cmake_prefix_path')
[0.762s] INFO:colcon.colcon_core.shell:Creating environment hook '/home/hamish/dev_ws/src/sucky_package/install/sucky_package/share/sucky_package/hook/cmake_prefix_path.ps1'
[0.762s] INFO:colcon.colcon_core.shell:Creating environment descriptor '/home/hamish/dev_ws/src/sucky_package/install/sucky_package/share/sucky_package/hook/cmake_prefix_path.dsv'
[0.763s] INFO:colcon.colcon_core.shell:Creating environment hook '/home/hamish/dev_ws/src/sucky_package/install/sucky_package/share/sucky_package/hook/cmake_prefix_path.sh'
[0.764s] Level 1:colcon.colcon_core.environment:checking '/home/hamish/dev_ws/src/sucky_package/install/sucky_package/bin'
[0.764s] Level 1:colcon.colcon_core.environment:checking '/home/hamish/dev_ws/src/sucky_package/install/sucky_package/lib/pkgconfig/sucky_package.pc'
[0.764s] Level 1:colcon.colcon_core.environment:checking '/home/hamish/dev_ws/src/sucky_package/install/sucky_package/lib/python3.10/site-packages'
[0.765s] Level 1:colcon.colcon_core.environment:checking '/home/hamish/dev_ws/src/sucky_package/install/sucky_package/bin'
[0.765s] INFO:colcon.colcon_core.shell:Creating package script '/home/hamish/dev_ws/src/sucky_package/install/sucky_package/share/sucky_package/package.ps1'
[0.765s] INFO:colcon.colcon_core.shell:Creating package descriptor '/home/hamish/dev_ws/src/sucky_package/install/sucky_package/share/sucky_package/package.dsv'
[0.766s] INFO:colcon.colcon_core.shell:Creating package script '/home/hamish/dev_ws/src/sucky_package/install/sucky_package/share/sucky_package/package.sh'
[0.766s] INFO:colcon.colcon_core.shell:Creating package script '/home/hamish/dev_ws/src/sucky_package/install/sucky_package/share/sucky_package/package.bash'
[0.767s] INFO:colcon.colcon_core.shell:Creating package script '/home/hamish/dev_ws/src/sucky_package/install/sucky_package/share/sucky_package/package.zsh'
[0.767s] Level 1:colcon.colcon_core.environment:create_file_with_runtime_dependencies(/home/hamish/dev_ws/src/sucky_package/install/sucky_package/share/colcon-core/packages/sucky_package)
[0.768s] DEBUG:colcon.colcon_parallel_executor.executor.parallel:closing loop
[0.768s] DEBUG:colcon.colcon_parallel_executor.executor.parallel:loop closed
[0.769s] DEBUG:colcon.colcon_parallel_executor.executor.parallel:run_until_complete finished with '0'
[0.769s] DEBUG:colcon.colcon_core.event_reactor:joining thread
[0.833s] INFO:colcon.colcon_core.plugin_system:Skipping extension 'colcon_notification.desktop_notification.notify_send': Could not find 'notify-send'
[0.834s] INFO:colcon.colcon_core.plugin_system:Skipping extension 'colcon_notification.desktop_notification.terminal_notifier': Not used on non-Darwin systems
[0.834s] INFO:colcon.colcon_core.plugin_system:Skipping extension 'colcon_notification.desktop_notification.win32': Not used on non-Windows systems
[0.834s] INFO:colcon.colcon_notification.desktop_notification:Sending desktop notification using 'notify2'
[0.834s] DEBUG:colcon.colcon_notification.desktop_notification.notify2:Failed to initialize notify2: org.freedesktop.DBus.Error.FileNotFound: Failed to connect to socket /run/user/1000/bus: No such file or directory
[0.834s] DEBUG:colcon.colcon_core.event_reactor:joined thread
[0.834s] INFO:colcon.colcon_core.shell:Creating prefix script '/home/hamish/dev_ws/src/sucky_package/install/local_setup.ps1'
[0.835s] INFO:colcon.colcon_core.shell:Creating prefix util module '/home/hamish/dev_ws/src/sucky_package/install/_local_setup_util_ps1.py'
[0.837s] INFO:colcon.colcon_core.shell:Creating prefix chain script '/home/hamish/dev_ws/src/sucky_package/install/setup.ps1'
[0.838s] INFO:colcon.colcon_core.shell:Creating prefix script '/home/hamish/dev_ws/src/sucky_package/install/local_setup.sh'
[0.839s] INFO:colcon.colcon_core.shell:Creating prefix util module '/home/hamish/dev_ws/src/sucky_package/install/_local_setup_util_sh.py'
[0.839s] INFO:colcon.colcon_core.shell:Creating prefix chain script '/home/hamish/dev_ws/src/sucky_package/install/setup.sh'
[0.840s] INFO:colcon.colcon_core.shell:Creating prefix script '/home/hamish/dev_ws/src/sucky_package/install/local_setup.bash'
[0.842s] INFO:colcon.colcon_core.shell:Creating prefix chain script '/home/hamish/dev_ws/src/sucky_package/install/setup.bash'
[0.843s] INFO:colcon.colcon_core.shell:Creating prefix script '/home/hamish/dev_ws/src/sucky_package/install/local_setup.zsh'
[0.844s] INFO:colcon.colcon_core.shell:Creating prefix chain script '/home/hamish/dev_ws/src/sucky_package/install/setup.zsh'
