-- Install configuration: ""
-- Up-to-date: /home/hamish/dev_ws/src/sucky_package/install/sucky_package/share/sucky_package/config
-- Up-to-date: /home/hamish/dev_ws/src/sucky_package/install/sucky_package/share/sucky_package/config/sucky.rviz
-- Up-to-date: /home/hamish/dev_ws/src/sucky_package/install/sucky_package/share/sucky_package/description
-- Up-to-date: /home/hamish/dev_ws/src/sucky_package/install/sucky_package/share/sucky_package/description/useful_tags.xacro
-- Up-to-date: /home/hamish/dev_ws/src/sucky_package/install/sucky_package/share/sucky_package/description/gazebo_control.xacro
-- Installing: /home/hamish/dev_ws/src/sucky_package/install/sucky_package/share/sucky_package/description/lidar.xacro
-- Installing: /home/hamish/dev_ws/src/sucky_package/install/sucky_package/share/sucky_package/description/depth_camera.xacro
-- Up-to-date: /home/hamish/dev_ws/src/sucky_package/install/sucky_package/share/sucky_package/description/sucky_robot.urdf.xacro
-- Up-to-date: /home/hamish/dev_ws/src/sucky_package/install/sucky_package/share/sucky_package/description/inertial_macros.xacro
-- Up-to-date: /home/hamish/dev_ws/src/sucky_package/install/sucky_package/share/sucky_package/description/example_gazebo.xacro
-- Up-to-date: /home/hamish/dev_ws/src/sucky_package/install/sucky_package/share/sucky_package/description/robot_core.xacro
-- Up-to-date: /home/hamish/dev_ws/src/sucky_package/install/sucky_package/share/sucky_package/description/camera.xacro
-- Up-to-date: /home/hamish/dev_ws/src/sucky_package/install/sucky_package/share/sucky_package/launch
-- Up-to-date: /home/hamish/dev_ws/src/sucky_package/install/sucky_package/share/sucky_package/launch/talker.launch.py
-- Up-to-date: /home/hamish/dev_ws/src/sucky_package/install/sucky_package/share/sucky_package/launch/listener.launch.py
-- Up-to-date: /home/hamish/dev_ws/src/sucky_package/install/sucky_package/share/sucky_package/launch/robot_state_sim.launch.py
-- Up-to-date: /home/hamish/dev_ws/src/sucky_package/install/sucky_package/share/sucky_package/launch/robot_state_publisher.launch.py
-- Up-to-date: /home/hamish/dev_ws/src/sucky_package/install/sucky_package/share/sucky_package/worlds
-- Up-to-date: /home/hamish/dev_ws/src/sucky_package/install/sucky_package/share/sucky_package/worlds/my_test_world.world
-- Up-to-date: /home/hamish/dev_ws/src/sucky_package/install/sucky_package/share/ament_index/resource_index/package_run_dependencies/sucky_package
-- Up-to-date: /home/hamish/dev_ws/src/sucky_package/install/sucky_package/share/ament_index/resource_index/parent_prefix_path/sucky_package
-- Up-to-date: /home/hamish/dev_ws/src/sucky_package/install/sucky_package/share/sucky_package/environment/ament_prefix_path.sh
-- Up-to-date: /home/hamish/dev_ws/src/sucky_package/install/sucky_package/share/sucky_package/environment/ament_prefix_path.dsv
-- Up-to-date: /home/hamish/dev_ws/src/sucky_package/install/sucky_package/share/sucky_package/environment/path.sh
-- Up-to-date: /home/hamish/dev_ws/src/sucky_package/install/sucky_package/share/sucky_package/environment/path.dsv
-- Up-to-date: /home/hamish/dev_ws/src/sucky_package/install/sucky_package/share/sucky_package/local_setup.bash
-- Up-to-date: /home/hamish/dev_ws/src/sucky_package/install/sucky_package/share/sucky_package/local_setup.sh
-- Up-to-date: /home/hamish/dev_ws/src/sucky_package/install/sucky_package/share/sucky_package/local_setup.zsh
-- Up-to-date: /home/hamish/dev_ws/src/sucky_package/install/sucky_package/share/sucky_package/local_setup.dsv
-- Up-to-date: /home/hamish/dev_ws/src/sucky_package/install/sucky_package/share/sucky_package/package.dsv
-- Up-to-date: /home/hamish/dev_ws/src/sucky_package/install/sucky_package/share/ament_index/resource_index/packages/sucky_package
-- Up-to-date: /home/hamish/dev_ws/src/sucky_package/install/sucky_package/share/sucky_package/cmake/sucky_packageConfig.cmake
-- Up-to-date: /home/hamish/dev_ws/src/sucky_package/install/sucky_package/share/sucky_package/cmake/sucky_packageConfig-version.cmake
-- Up-to-date: /home/hamish/dev_ws/src/sucky_package/install/sucky_package/share/sucky_package/package.xml
