[0.012s] Invoking command in '/home/hamish/dev_ws/src/sucky_package/build/sucky_package': CMAKE_PREFIX_PATH=/opt/ros/humble /home/hamish/.local/bin/cmake --build /home/hamish/dev_ws/src/sucky_package/build/sucky_package -- -j4 -l4
[0.099s] Invoked command in '/home/hamish/dev_ws/src/sucky_package/build/sucky_package' returned '0': CMAKE_PREFIX_PATH=/opt/ros/humble /home/hamish/.local/bin/cmake --build /home/hamish/dev_ws/src/sucky_package/build/sucky_package -- -j4 -l4
[0.178s] Invoking command in '/home/hamish/dev_ws/src/sucky_package/build/sucky_package': CMAKE_PREFIX_PATH=/opt/ros/humble /home/hamish/.local/bin/cmake --install /home/hamish/dev_ws/src/sucky_package/build/sucky_package
[0.253s] -- Install configuration: ""
[0.253s] -- Up-to-date: /home/hamish/dev_ws/src/sucky_package/install/sucky_package/share/sucky_package/config
[0.253s] -- Up-to-date: /home/hamish/dev_ws/src/sucky_package/install/sucky_package/share/sucky_package/config/sucky.rviz
[0.253s] -- Up-to-date: /home/hamish/dev_ws/src/sucky_package/install/sucky_package/share/sucky_package/description
[0.254s] -- Up-to-date: /home/hamish/dev_ws/src/sucky_package/install/sucky_package/share/sucky_package/description/useful_tags.xacro
[0.254s] -- Up-to-date: /home/hamish/dev_ws/src/sucky_package/install/sucky_package/share/sucky_package/description/gazebo_control.xacro
[0.254s] -- Installing: /home/hamish/dev_ws/src/sucky_package/install/sucky_package/share/sucky_package/description/lidar.xacro
[0.254s] -- Installing: /home/hamish/dev_ws/src/sucky_package/install/sucky_package/share/sucky_package/description/depth_camera.xacro
[0.254s] -- Up-to-date: /home/hamish/dev_ws/src/sucky_package/install/sucky_package/share/sucky_package/description/sucky_robot.urdf.xacro
[0.254s] -- Up-to-date: /home/hamish/dev_ws/src/sucky_package/install/sucky_package/share/sucky_package/description/inertial_macros.xacro
[0.254s] -- Up-to-date: /home/hamish/dev_ws/src/sucky_package/install/sucky_package/share/sucky_package/description/example_gazebo.xacro
[0.254s] -- Up-to-date: /home/hamish/dev_ws/src/sucky_package/install/sucky_package/share/sucky_package/description/robot_core.xacro
[0.254s] -- Up-to-date: /home/hamish/dev_ws/src/sucky_package/install/sucky_package/share/sucky_package/description/camera.xacro
[0.254s] -- Up-to-date: /home/hamish/dev_ws/src/sucky_package/install/sucky_package/share/sucky_package/launch
[0.254s] -- Up-to-date: /home/hamish/dev_ws/src/sucky_package/install/sucky_package/share/sucky_package/launch/talker.launch.py
[0.254s] -- Up-to-date: /home/hamish/dev_ws/src/sucky_package/install/sucky_package/share/sucky_package/launch/listener.launch.py
[0.254s] -- Up-to-date: /home/hamish/dev_ws/src/sucky_package/install/sucky_package/share/sucky_package/launch/robot_state_sim.launch.py
[0.254s] -- Up-to-date: /home/hamish/dev_ws/src/sucky_package/install/sucky_package/share/sucky_package/launch/robot_state_publisher.launch.py
[0.254s] -- Up-to-date: /home/hamish/dev_ws/src/sucky_package/install/sucky_package/share/sucky_package/worlds
[0.254s] -- Up-to-date: /home/hamish/dev_ws/src/sucky_package/install/sucky_package/share/sucky_package/worlds/my_test_world.world
[0.255s] -- Up-to-date: /home/hamish/dev_ws/src/sucky_package/install/sucky_package/share/ament_index/resource_index/package_run_dependencies/sucky_package
[0.255s] -- Up-to-date: /home/hamish/dev_ws/src/sucky_package/install/sucky_package/share/ament_index/resource_index/parent_prefix_path/sucky_package
[0.255s] -- Up-to-date: /home/hamish/dev_ws/src/sucky_package/install/sucky_package/share/sucky_package/environment/ament_prefix_path.sh
[0.255s] -- Up-to-date: /home/hamish/dev_ws/src/sucky_package/install/sucky_package/share/sucky_package/environment/ament_prefix_path.dsv
[0.255s] -- Up-to-date: /home/hamish/dev_ws/src/sucky_package/install/sucky_package/share/sucky_package/environment/path.sh
[0.255s] -- Up-to-date: /home/hamish/dev_ws/src/sucky_package/install/sucky_package/share/sucky_package/environment/path.dsv
[0.255s] -- Up-to-date: /home/hamish/dev_ws/src/sucky_package/install/sucky_package/share/sucky_package/local_setup.bash
[0.255s] -- Up-to-date: /home/hamish/dev_ws/src/sucky_package/install/sucky_package/share/sucky_package/local_setup.sh
[0.255s] -- Up-to-date: /home/hamish/dev_ws/src/sucky_package/install/sucky_package/share/sucky_package/local_setup.zsh
[0.255s] -- Up-to-date: /home/hamish/dev_ws/src/sucky_package/install/sucky_package/share/sucky_package/local_setup.dsv
[0.256s] -- Up-to-date: /home/hamish/dev_ws/src/sucky_package/install/sucky_package/share/sucky_package/package.dsv
[0.256s] -- Up-to-date: /home/hamish/dev_ws/src/sucky_package/install/sucky_package/share/ament_index/resource_index/packages/sucky_package
[0.257s] -- Up-to-date: /home/hamish/dev_ws/src/sucky_package/install/sucky_package/share/sucky_package/cmake/sucky_packageConfig.cmake
[0.257s] -- Up-to-date: /home/hamish/dev_ws/src/sucky_package/install/sucky_package/share/sucky_package/cmake/sucky_packageConfig-version.cmake
[0.257s] -- Up-to-date: /home/hamish/dev_ws/src/sucky_package/install/sucky_package/share/sucky_package/package.xml
[0.260s] Invoked command in '/home/hamish/dev_ws/src/sucky_package/build/sucky_package' returned '0': CMAKE_PREFIX_PATH=/opt/ros/humble /home/hamish/.local/bin/cmake --install /home/hamish/dev_ws/src/sucky_package/build/sucky_package
