[0.013s] Invoking command in '/home/hamish/dev_ws/src/sucky_package/build/sucky_package': CMAKE_PREFIX_PATH=/opt/ros/humble /home/hamish/.local/bin/cmake /home/hamish/dev_ws/src/sucky_package -DCMAKE_INSTALL_PREFIX=/home/hamish/dev_ws/src/sucky_package/install/sucky_package
[0.087s] [0mCMake Deprecation Warning at CMakeLists.txt:1 (cmake_minimum_required):
[0.087s]   Compatibility with CMake < 3.10 will be removed from a future version of
[0.087s]   CMake.
[0.087s] 
[0.088s]   Update the VERSION argument <min> value.  Or, use the <min>...<max> syntax
[0.088s]   to tell CMake that the project requires at least <min> but has been updated
[0.088s]   to work with policies introduced by <max> or earlier.
[0.088s] 
[0.088s] [0m
[0.376s] -- The C compiler identification is GNU 11.4.0
[1.434s] -- The CXX compiler identification is GNU 11.4.0
[2.091s] -- Detecting C compiler ABI info
[2.300s] -- Detecting C compiler ABI info - done
[2.316s] -- Check for working C compiler: /usr/bin/cc - skipped
[2.317s] -- Detecting C compile features
[2.318s] -- Detecting C compile features - done
[2.366s] -- Detecting CXX compiler ABI info
[2.610s] -- Detecting CXX compiler ABI info - done
[2.629s] -- Check for working CXX compiler: /usr/bin/c++ - skipped
[2.629s] -- Detecting CXX compile features
[2.630s] -- Detecting CXX compile features - done
[2.667s] -- Found ament_cmake: 1.3.11 (/opt/ros/humble/share/ament_cmake/cmake)
[2.848s] -- Found Python3: /usr/bin/python3 (found version "3.10.12") found components: Interpreter
[3.098s] -- Found ament_lint_auto: 0.12.12 (/opt/ros/humble/share/ament_lint_auto/cmake)
[3.703s] -- Added test 'cppcheck' to perform static code analysis on C / C++ code
[3.703s] -- Configured cppcheck include dirs: 
[3.703s] -- Configured cppcheck exclude dirs and/or files: 
[3.707s] -- Added test 'flake8' to check Python code syntax and style conventions
[3.713s] -- Added test 'lint_cmake' to check CMake code style
[3.717s] -- Added test 'pep257' to check Python code against some of the docstring style conventions in PEP 257
[3.734s] -- Added test 'uncrustify' to check C / C++ code style
[3.734s] -- Configured uncrustify additional arguments: 
[3.738s] -- Added test 'xmllint' to check XML markup files
[3.742s] -- Configuring done (3.7s)
[3.758s] -- Generating done (0.0s)
[3.760s] -- Build files have been written to: /home/hamish/dev_ws/src/sucky_package/build/sucky_package
[3.765s] Invoked command in '/home/hamish/dev_ws/src/sucky_package/build/sucky_package' returned '0': CMAKE_PREFIX_PATH=/opt/ros/humble /home/hamish/.local/bin/cmake /home/hamish/dev_ws/src/sucky_package -DCMAKE_INSTALL_PREFIX=/home/hamish/dev_ws/src/sucky_package/install/sucky_package
[3.767s] Invoking command in '/home/hamish/dev_ws/src/sucky_package/build/sucky_package': CMAKE_PREFIX_PATH=/opt/ros/humble /home/hamish/.local/bin/cmake --build /home/hamish/dev_ws/src/sucky_package/build/sucky_package -- -j4 -l4
[3.854s] Invoked command in '/home/hamish/dev_ws/src/sucky_package/build/sucky_package' returned '0': CMAKE_PREFIX_PATH=/opt/ros/humble /home/hamish/.local/bin/cmake --build /home/hamish/dev_ws/src/sucky_package/build/sucky_package -- -j4 -l4
[3.930s] Invoking command in '/home/hamish/dev_ws/src/sucky_package/build/sucky_package': CMAKE_PREFIX_PATH=/opt/ros/humble /home/hamish/.local/bin/cmake --install /home/hamish/dev_ws/src/sucky_package/build/sucky_package
[4.006s] -- Install configuration: ""
[4.006s] -- Installing: /home/hamish/dev_ws/src/sucky_package/install/sucky_package/share/sucky_package/config
[4.007s] -- Installing: /home/hamish/dev_ws/src/sucky_package/install/sucky_package/share/sucky_package/config/sucky.rviz
[4.007s] -- Installing: /home/hamish/dev_ws/src/sucky_package/install/sucky_package/share/sucky_package/description
[4.007s] -- Installing: /home/hamish/dev_ws/src/sucky_package/install/sucky_package/share/sucky_package/description/useful_tags.xacro
[4.023s] -- Installing: /home/hamish/dev_ws/src/sucky_package/install/sucky_package/share/sucky_package/description/gazebo_control.xacro
[4.023s] -- Installing: /home/hamish/dev_ws/src/sucky_package/install/sucky_package/share/sucky_package/description/lidar.xacro
[4.023s] -- Installing: /home/hamish/dev_ws/src/sucky_package/install/sucky_package/share/sucky_package/description/depth_camera.xacro
[4.024s] -- Installing: /home/hamish/dev_ws/src/sucky_package/install/sucky_package/share/sucky_package/description/sucky_robot.urdf.xacro
[4.024s] -- Installing: /home/hamish/dev_ws/src/sucky_package/install/sucky_package/share/sucky_package/description/inertial_macros.xacro
[4.024s] -- Installing: /home/hamish/dev_ws/src/sucky_package/install/sucky_package/share/sucky_package/description/example_gazebo.xacro
[4.032s] -- Installing: /home/hamish/dev_ws/src/sucky_package/install/sucky_package/share/sucky_package/description/robot_core.xacro
[4.032s] -- Installing: /home/hamish/dev_ws/src/sucky_package/install/sucky_package/share/sucky_package/description/camera.xacro
[4.033s] -- Installing: /home/hamish/dev_ws/src/sucky_package/install/sucky_package/share/sucky_package/launch
[4.033s] -- Installing: /home/hamish/dev_ws/src/sucky_package/install/sucky_package/share/sucky_package/launch/talker.launch.py
[4.035s] -- Installing: /home/hamish/dev_ws/src/sucky_package/install/sucky_package/share/sucky_package/launch/listener.launch.py
[4.047s] -- Installing: /home/hamish/dev_ws/src/sucky_package/install/sucky_package/share/sucky_package/launch/robot_state_sim.launch.py
[4.047s] -- Installing: /home/hamish/dev_ws/src/sucky_package/install/sucky_package/share/sucky_package/launch/robot_state_publisher.launch.py
[4.048s] -- Installing: /home/hamish/dev_ws/src/sucky_package/install/sucky_package/share/sucky_package/worlds
[4.048s] -- Installing: /home/hamish/dev_ws/src/sucky_package/install/sucky_package/share/sucky_package/worlds/my_test_world.world
[4.048s] -- Installing: /home/hamish/dev_ws/src/sucky_package/install/sucky_package/share/ament_index/resource_index/package_run_dependencies/sucky_package
[4.048s] -- Installing: /home/hamish/dev_ws/src/sucky_package/install/sucky_package/share/ament_index/resource_index/parent_prefix_path/sucky_package
[4.049s] -- Installing: /home/hamish/dev_ws/src/sucky_package/install/sucky_package/share/sucky_package/environment/ament_prefix_path.sh
[4.049s] -- Installing: /home/hamish/dev_ws/src/sucky_package/install/sucky_package/share/sucky_package/environment/ament_prefix_path.dsv
[4.049s] -- Installing: /home/hamish/dev_ws/src/sucky_package/install/sucky_package/share/sucky_package/environment/path.sh
[4.049s] -- Installing: /home/hamish/dev_ws/src/sucky_package/install/sucky_package/share/sucky_package/environment/path.dsv
[4.049s] -- Installing: /home/hamish/dev_ws/src/sucky_package/install/sucky_package/share/sucky_package/local_setup.bash
[4.049s] -- Installing: /home/hamish/dev_ws/src/sucky_package/install/sucky_package/share/sucky_package/local_setup.sh
[4.050s] -- Installing: /home/hamish/dev_ws/src/sucky_package/install/sucky_package/share/sucky_package/local_setup.zsh
[4.050s] -- Installing: /home/hamish/dev_ws/src/sucky_package/install/sucky_package/share/sucky_package/local_setup.dsv
[4.050s] -- Installing: /home/hamish/dev_ws/src/sucky_package/install/sucky_package/share/sucky_package/package.dsv
[4.050s] -- Installing: /home/hamish/dev_ws/src/sucky_package/install/sucky_package/share/ament_index/resource_index/packages/sucky_package
[4.050s] -- Installing: /home/hamish/dev_ws/src/sucky_package/install/sucky_package/share/sucky_package/cmake/sucky_packageConfig.cmake
[4.051s] -- Installing: /home/hamish/dev_ws/src/sucky_package/install/sucky_package/share/sucky_package/cmake/sucky_packageConfig-version.cmake
[4.051s] -- Installing: /home/hamish/dev_ws/src/sucky_package/install/sucky_package/share/sucky_package/package.xml
[4.053s] Invoked command in '/home/hamish/dev_ws/src/sucky_package/build/sucky_package' returned '0': CMAKE_PREFIX_PATH=/opt/ros/humble /home/hamish/.local/bin/cmake --install /home/hamish/dev_ws/src/sucky_package/build/sucky_package
